[debug] [2025-08-27T08:36:03.618Z] ----------------------------------------------------------------------
[debug] [2025-08-27T08:36:03.625Z] Command:       C:\Program Files\nodejs\node.exe C:\Users\nour elhouda\AppData\Roaming\npm\node_modules\firebase-tools\lib\bin\firebase.js init hosting
[debug] [2025-08-27T08:36:03.626Z] CLI Version:   14.14.0
[debug] [2025-08-27T08:36:03.626Z] Platform:      win32
[debug] [2025-08-27T08:36:03.626Z] Node Version:  v22.14.0
[debug] [2025-08-27T08:36:03.627Z] Time:          Wed Aug 27 2025 09:36:03 GMT+0100 (heure normale d’Afrique de l’Ouest)
[debug] [2025-08-27T08:36:03.627Z] ----------------------------------------------------------------------
[debug] 
[debug] [2025-08-27T08:36:03.908Z] > command requires scopes: ["email","openid","https://www.googleapis.com/auth/cloudplatformprojects.readonly","https://www.googleapis.com/auth/firebase","https://www.googleapis.com/auth/cloud-platform"]
[debug] [2025-08-27T08:36:03.909Z] > authorizing via signed-in user (nourelhouda.habassi@fsb.ucar.tn)
[info] 
     ######## #### ########  ######## ########     ###     ######  ########
     ##        ##  ##     ## ##       ##     ##  ##   ##  ##       ##
     ######    ##  ########  ######   ########  #########  ######  ######
     ##        ##  ##    ##  ##       ##     ## ##     ##       ## ##
     ##       #### ##     ## ######## ########  ##     ##  ######  ########

You're about to initialize a Firebase project in this directory:

  C:\Users\nour elhouda\Desktop\application _assurance\assurance

Before we get started, keep in mind:

  * You are initializing within an existing Firebase project directory

[info] 
=== Project Setup
[info] 
[info] First, let's associate this project directory with a Firebase project.
[info] You can create multiple project aliases by running firebase use --add, 
[info] but for now we'll just set up a default project.
[info] 
[debug] [2025-08-27T08:36:07.387Z] Using project from CLI flag: assuranceapp-7adb4
[debug] [2025-08-27T08:36:07.390Z] Checked if tokens are valid: true, expires at: 1756285843466
[debug] [2025-08-27T08:36:07.390Z] Checked if tokens are valid: true, expires at: 1756285843466
[debug] [2025-08-27T08:36:07.392Z] >>> [apiv2][query] GET https://firebase.googleapis.com/v1beta1/projects/assuranceapp-7adb4 [none]
[debug] [2025-08-27T08:36:08.034Z] <<< [apiv2][status] GET https://firebase.googleapis.com/v1beta1/projects/assuranceapp-7adb4 200
[debug] [2025-08-27T08:36:08.035Z] <<< [apiv2][body] GET https://firebase.googleapis.com/v1beta1/projects/assuranceapp-7adb4 {"projectId":"assuranceapp-7adb4","projectNumber":"64821884161","displayName":"AssuranceApp","name":"projects/assuranceapp-7adb4","resources":{"hostingSite":"assuranceapp-7adb4"},"state":"ACTIVE","etag":"1_32bd1cf0-0138-455f-9153-7394405978bf"}
[info] i  Using project assuranceapp-7adb4 (AssuranceApp) 
[info] 
=== Hosting Setup
[debug] [2025-08-27T08:36:08.264Z] Checked if tokens are valid: true, expires at: 1756285843466
[debug] [2025-08-27T08:36:08.265Z] Checked if tokens are valid: true, expires at: 1756285843466
[debug] [2025-08-27T08:36:08.266Z] >>> [apiv2][query] GET https://firebase.googleapis.com/v1beta1/projects/assuranceapp-7adb4 [none]
[debug] [2025-08-27T08:36:08.643Z] <<< [apiv2][status] GET https://firebase.googleapis.com/v1beta1/projects/assuranceapp-7adb4 200
[debug] [2025-08-27T08:36:08.643Z] <<< [apiv2][body] GET https://firebase.googleapis.com/v1beta1/projects/assuranceapp-7adb4 {"projectId":"assuranceapp-7adb4","projectNumber":"64821884161","displayName":"AssuranceApp","name":"projects/assuranceapp-7adb4","resources":{"hostingSite":"assuranceapp-7adb4"},"state":"ACTIVE","etag":"1_32bd1cf0-0138-455f-9153-7394405978bf"}
[info] 
[info] Your public directory is the folder (relative to your project directory) that
[info] will contain Hosting assets to be uploaded with firebase deploy. If you
[info] have a build process for your assets, use your build's output directory.
[info] 
[debug] [2025-08-27T08:36:20.443Z] >>> [apiv2][query] GET https://www.gstatic.com/firebasejs/releases.json [none]
[debug] [2025-08-27T08:36:20.683Z] <<< [apiv2][status] GET https://www.gstatic.com/firebasejs/releases.json 200
[debug] [2025-08-27T08:36:20.683Z] <<< [apiv2][body] GET https://www.gstatic.com/firebasejs/releases.json {"current":{"version":"12.1.0","browserURL":"https://www.gstatic.com/firebasejs/12.1.0/firebase.js","packageURL":"https://www.gstatic.com/firebasejs/12.1.0/firebase.tgz"},"live":{"version":"12.1","browserURL":"https://www.gstatic.com/firebasejs/live/12.1/firebase.js","packageURL":"https://www.gstatic.com/firebasejs/live/12.1/firebase.tgz"},"components":{"ai":"https://www.gstatic.com/firebasejs/12.1.0/firebase-ai.js","analytics":"https://www.gstatic.com/firebasejs/12.1.0/firebase-analytics.js","app":"https://www.gstatic.com/firebasejs/12.1.0/firebase-app.js","app-check":"https://www.gstatic.com/firebasejs/12.1.0/firebase-app-check.js","auth":"https://www.gstatic.com/firebasejs/12.1.0/firebase-auth.js","auth/cordova":"https://www.gstatic.com/firebasejs/12.1.0/firebase-auth/cordova.js","auth/web-extension":"https://www.gstatic.com/firebasejs/12.1.0/firebase-auth/web-extension.js","functions":"https://www.gstatic.com/firebasejs/12.1.0/firebase-functions.js","firestore":"https://www.gstatic.com/firebasejs/12.1.0/firebase-firestore.js","firestore/lite":"https://www.gstatic.com/firebasejs/12.1.0/firebase-firestore/lite.js","installations":"https://www.gstatic.com/firebasejs/12.1.0/firebase-installations.js","storage":"https://www.gstatic.com/firebasejs/12.1.0/firebase-storage.js","performance":"https://www.gstatic.com/firebasejs/12.1.0/firebase-performance.js","remote-config":"https://www.gstatic.com/firebasejs/12.1.0/firebase-remote-config.js","messaging":"https://www.gstatic.com/firebasejs/12.1.0/firebase-messaging.js","messaging/sw":"https://www.gstatic.com/firebasejs/12.1.0/firebase-messaging/sw.js","database":"https://www.gstatic.com/firebasejs/12.1.0/firebase-database.js","data-connect":"https://www.gstatic.com/firebasejs/12.1.0/firebase-data-connect.js","firestore.memory":"https://www.gstatic.com/firebasejs/12.1.0/firebase-firestore.memory.js"}}
[info] +  Wrote public/index.html 
[info] 
[info] i  Detected a .git folder at C:\Users\nour elhouda\Desktop\application _assurance\assurance 
[info] i  Authorizing with GitHub to upload your service account to a GitHub repository's secrets store. 
[info] 
[info] Visit this URL on this device to log in:
[info] https://github.com/login/oauth/authorize?client_id=89cf50f02ac6aaed3484&state=458707432&redirect_uri=http%3A%2F%2Flocalhost%3A9005&scope=read%3Auser%20repo%20public_repo
[info] 
[info] Waiting for authentication...
